z:\dox\olio2\sfml\fsml-try\fsml-try\debug\vc140.pdb
z:\dox\olio2\sfml\fsml-try\fsml-try\debug\vc140.idb
z:\dox\olio2\sfml\fsml-try\fsml-try\debug\character.obj
z:\dox\olio2\sfml\fsml-try\fsml-try\debug\event.obj
z:\dox\olio2\sfml\fsml-try\fsml-try\debug\gamestatus.obj
z:\dox\olio2\sfml\fsml-try\fsml-try\debug\main.obj
z:\dox\olio2\sfml\fsml-try\debug\fsml-try.ilk
z:\dox\olio2\sfml\fsml-try\debug\fsml-try.exe
z:\dox\olio2\sfml\fsml-try\debug\fsml-try.pdb
g:\olio2\fsml-try\fsml-try\debug\character.obj
g:\olio2\fsml-try\fsml-try\debug\event.obj
g:\olio2\fsml-try\fsml-try\debug\gamestatus.obj
g:\olio2\fsml-try\fsml-try\debug\main.obj
g:\olio2\fsml-try\fsml-try\debug\vc140.idb
g:\olio2\fsml-try\fsml-try\debug\vc140.pdb
g:\olio2\fsml-try\debug\fsml-try.pdb
g:\olio2\fsml-try\debug\fsml-try.exe
g:\olio2\fsml-try\debug\fsml-try.ilk
g:\olio2\fsml-try\fsml-try\debug\fsml-try.tlog\cl.command.1.tlog
g:\olio2\fsml-try\fsml-try\debug\fsml-try.tlog\cl.read.1.tlog
g:\olio2\fsml-try\fsml-try\debug\fsml-try.tlog\cl.write.1.tlog
g:\olio2\fsml-try\fsml-try\debug\fsml-try.tlog\link.command.1.tlog
g:\olio2\fsml-try\fsml-try\debug\fsml-try.tlog\link.read.1.tlog
g:\olio2\fsml-try\fsml-try\debug\fsml-try.tlog\link.write.1.tlog
